0 info it worked if it ends with ok
1 verbose cli [ 'C:\\Program Files\\nodejs\\node.exe',
1 verbose cli   'C:\\Program Files\\nodejs\\node_modules\\npm\\bin\\npm-cli.js',
1 verbose cli   'start' ]
2 info using npm@3.10.10
3 info using node@v6.9.5
4 verbose run-script [ 'prestart', 'start', 'poststart' ]
5 info lifecycle arcgisonline@1.0.0~prestart: arcgisonline@1.0.0
6 silly lifecycle arcgisonline@1.0.0~prestart: no script for prestart, continuing
7 info lifecycle arcgisonline@1.0.0~start: arcgisonline@1.0.0
8 verbose lifecycle arcgisonline@1.0.0~start: unsafe-perm in lifecycle true
9 verbose lifecycle arcgisonline@1.0.0~start: PATH: C:\Program Files\nodejs\node_modules\npm\bin\node-gyp-bin;C:\Projects\staff-i\ArcGISOnline\node_modules\.bin;C:\WINDOWS\system32;C:\WINDOWS;C:\WINDOWS\System32\Wbem;C:\WINDOWS\System32\WindowsPowerShell\v1.0\;C:\Program Files (x86)\Microsoft Application Virtualization Client;C:\Program Files\NetIQ\SecureLogin\;C:\Program Files (x86)\Microsoft Team Foundation Server 2013 Power Tools\;C:\Program Files (x86)\Microsoft Team Foundation Server 2012 Power Tools\Best Practices Analyzer\;C:\Program Files\Microsoft SQL Server\120\Tools\Binn\;C:\Program Files (x86)\Windows Kits\10\Windows Performance Toolkit\;C:\Program Files (x86)\Microsoft Emulator Manager\1.0\;C:\Program Files\Microsoft\Web Platform Installer\;C:\ProgramData\chocolatey\bin;C:\Program Files (x86)\Windows Live\Shared;C:\Program Files\Git\cmd;C:\WINDOWS\system32\config\systemprofile\AppData\Roaming\npm;C:\Program Files\nodejs\;C:\Users\00772545\AppData\Roaming\npm
10 verbose lifecycle arcgisonline@1.0.0~start: CWD: C:\Projects\staff-i\ArcGISOnline
11 silly lifecycle arcgisonline@1.0.0~start: Args: [ '/d /s /c', 'node server.js' ]
12 silly lifecycle arcgisonline@1.0.0~start: Returned: code: 3221225786  signal: null
13 info lifecycle arcgisonline@1.0.0~start: Failed to exec start script
14 verbose stack Error: arcgisonline@1.0.0 start: `node server.js`
14 verbose stack Exit status 3221225786
14 verbose stack     at EventEmitter.<anonymous> (C:\Program Files\nodejs\node_modules\npm\lib\utils\lifecycle.js:255:16)
14 verbose stack     at emitTwo (events.js:106:13)
14 verbose stack     at EventEmitter.emit (events.js:191:7)
14 verbose stack     at ChildProcess.<anonymous> (C:\Program Files\nodejs\node_modules\npm\lib\utils\spawn.js:40:14)
14 verbose stack     at emitTwo (events.js:106:13)
14 verbose stack     at ChildProcess.emit (events.js:191:7)
14 verbose stack     at maybeClose (internal/child_process.js:877:16)
14 verbose stack     at Process.ChildProcess._handle.onexit (internal/child_process.js:226:5)
15 verbose pkgid arcgisonline@1.0.0
16 verbose cwd C:\Projects\staff-i\ArcGISOnline
17 error Windows_NT 6.3.9600
18 error argv "C:\\Program Files\\nodejs\\node.exe" "C:\\Program Files\\nodejs\\node_modules\\npm\\bin\\npm-cli.js" "start"
19 error node v6.9.5
20 error npm  v3.10.10
21 error code ELIFECYCLE
22 error arcgisonline@1.0.0 start: `node server.js`
22 error Exit status 3221225786
23 error Failed at the arcgisonline@1.0.0 start script 'node server.js'.
23 error Make sure you have the latest version of node.js and npm installed.
23 error If you do, this is most likely a problem with the arcgisonline package,
23 error not with npm itself.
23 error Tell the author that this fails on your system:
23 error     node server.js
23 error You can get information on how to open an issue for this project with:
23 error     npm bugs arcgisonline
23 error Or if that isn't available, you can get their info via:
23 error     npm owner ls arcgisonline
23 error There is likely additional logging output above.
24 verbose exit [ 1, true ]
